<?xml version="1.0" encoding="UTF-8"?>
<!-- Generated by org.testng.reporters.JUnitReportReporter -->
<testsuite hostname="DESKTOP-IB8VU3R" failures="0" tests="1" name="selenium_Tips_tricks1.countwebelementson_webpage" time="45.907" errors="0" timestamp="2024-10-26T15:09:56 IST" skipped="0">
  <testcase classname="selenium_Tips_tricks1.countwebelementson_webpage" name="countements" time="45.907"/>
</testsuite> <!-- selenium_Tips_tricks1.countwebelementson_webpage -->
