<?xml version="1.0" encoding="UTF-8"?>
<!-- Generated by org.testng.reporters.JUnitReportReporter -->
<testsuite hostname="DESKTOP-IB8VU3R" failures="0" tests="1" name="selenium_Tips_tricks1.findtheelemnts_withscroll" time="25.204" errors="0" timestamp="2024-10-26T16:04:04 IST" skipped="0">
  <testcase classname="selenium_Tips_tricks1.findtheelemnts_withscroll" name="countements" time="25.204"/>
</testsuite> <!-- selenium_Tips_tricks1.findtheelemnts_withscroll -->
