<?xml version="1.0" encoding="UTF-8"?>
<!-- Generated by org.testng.reporters.JUnitReportReporter -->
<testsuite hostname="DESKTOP-IB8VU3R" failures="0" tests="1" name="selenium_Tips_tricks1.fileupload" time="32.017" errors="0" timestamp="2024-10-26T14:18:58 IST" skipped="0">
  <testcase classname="selenium_Tips_tricks1.fileupload" name="uploadfiletechnique" time="32.017"/>
</testsuite> <!-- selenium_Tips_tricks1.fileupload -->
